<?xml version="1.0" encoding="UTF-8"?>
<!-- Generated by org.testng.reporters.JUnitReportReporter -->
<testsuite hostname="Abhijith" failures="0" tests="1" name="login.Demo" time="0.639" errors="0" timestamp="2024-05-31T08:27:25 IST" skipped="0">
  <testcase classname="login.Demo" name="test" time="0.639"/>
  <system-out/>
</testsuite> <!-- login.Demo -->
